# JRE version: OpenJDK Runtime Environment (16.0.1+9) (build 16.0.1+9-24)
# Java VM: OpenJDK 64-Bit Server VM (16.0.1+9-24, mixed mode, tiered, compressed oops, compressed class ptrs, g1 gc, windows-amd64)
GC Precious Log:
 CPUs: 16 total, 16 available
 Memory: 32714M
 Large Page Support: Disabled
 NUMA Support: Disabled
 Compressed Oops: Enabled (Zero based)
 Heap Region Size: 4M
 Heap Min Capacity: 8M
 Heap Initial Capacity: 512M
 Heap Max Capacity: 8180M
 Pre-touch: Disabled
 Parallel Workers: 13
 Concurrent Workers: 3
 Concurrent Refinement Workers: 13
 Periodic GC: Disabled
Heap:
 garbage-first heap   total 290816K, used 80813K [0x0000000600c00000, 0x0000000800000000)
  region size 4096K, 16 young (65536K), 1 survivors (4096K)
 Metaspace       used 56038K, committed 56448K, reserved 1105920K
  class space    used 6406K, committed 6592K, reserved 1048576K
GC Heap History (20 events):
Event: 246.388 GC heap before
{Heap before GC invocations=61 (full 0):
 garbage-first heap   total 290816K, used 191342K [0x0000000600c00000, 0x0000000800000000)
  region size 4096K, 42 young (172032K), 1 survivors (4096K)
 Metaspace       used 56030K, committed 56384K, reserved 1105920K
  class space    used 6406K, committed 6592K, reserved 1048576K
}
Event: 246.389 GC heap after
{Heap after GC invocations=62 (full 0):
 garbage-first heap   total 290816K, used 23438K [0x0000000600c00000, 0x0000000800000000)
  region size 4096K, 1 young (4096K), 1 survivors (4096K)
 Metaspace       used 56030K, committed 56384K, reserved 1105920K
  class space    used 6406K, committed 6592K, reserved 1048576K
}
Event: 248.599 GC heap before
{Heap before GC invocations=62 (full 0):
 garbage-first heap   total 290816K, used 191374K [0x0000000600c00000, 0x0000000800000000)
  region size 4096K, 42 young (172032K), 1 survivors (4096K)
 Metaspace       used 56030K, committed 56384K, reserved 1105920K
  class space    used 6406K, committed 6592K, reserved 1048576K
}
Event: 248.600 GC heap after
{Heap after GC invocations=63 (full 0):
 garbage-first heap   total 290816K, used 23356K [0x0000000600c00000, 0x0000000800000000)
  region size 4096K, 1 young (4096K), 1 survivors (4096K)
 Metaspace       used 56030K, committed 56384K, reserved 1105920K
  class space    used 6406K, committed 6592K, reserved 1048576K
}
Event: 250.770 GC heap before
{Heap before GC invocations=63 (full 0):
 garbage-first heap   total 290816K, used 191292K [0x0000000600c00000, 0x0000000800000000)
  region size 4096K, 42 young (172032K), 1 survivors (4096K)
 Metaspace       used 56031K, committed 56384K, reserved 1105920K
  class space    used 6406K, committed 6592K, reserved 1048576K
}
Event: 250.771 GC heap after
{Heap after GC invocations=64 (full 0):
 garbage-first heap   total 290816K, used 23414K [0x0000000600c00000, 0x0000000800000000)
  region size 4096K, 1 young (4096K), 1 survivors (4096K)
 Metaspace       used 56031K, committed 56384K, reserved 1105920K
  class space    used 6406K, committed 6592K, reserved 1048576K
}
Event: 253.173 GC heap before
{Heap before GC invocations=64 (full 0):
 garbage-first heap   total 290816K, used 191350K [0x0000000600c00000, 0x0000000800000000)
  region size 4096K, 42 young (172032K), 1 survivors (4096K)
 Metaspace       used 56031K, committed 56384K, reserved 1105920K
  class space    used 6406K, committed 6592K, reserved 1048576K
}
Event: 253.174 GC heap after
{Heap after GC invocations=65 (full 0):
 garbage-first heap   total 290816K, used 23352K [0x0000000600c00000, 0x0000000800000000)
  region size 4096K, 1 young (4096K), 1 survivors (4096K)
 Metaspace       used 56031K, committed 56384K, reserved 1105920K
  class space    used 6406K, committed 6592K, reserved 1048576K
}
Event: 255.811 GC heap before
{Heap before GC invocations=65 (full 0):
 garbage-first heap   total 290816K, used 191288K [0x0000000600c00000, 0x0000000800000000)
  region size 4096K, 42 young (172032K), 1 survivors (4096K)
 Metaspace       used 56031K, committed 56384K, reserved 1105920K
  class space    used 6406K, committed 6592K, reserved 1048576K
}
Event: 255.812 GC heap after
{Heap after GC invocations=66 (full 0):
 garbage-first heap   total 290816K, used 23399K [0x0000000600c00000, 0x0000000800000000)
  region size 4096K, 1 young (4096K), 1 survivors (4096K)
 Metaspace       used 56031K, committed 56384K, reserved 1105920K
  class space    used 6406K, committed 6592K, reserved 1048576K
}
Event: 258.284 GC heap before
{Heap before GC invocations=66 (full 0):
 garbage-first heap   total 290816K, used 191335K [0x0000000600c00000, 0x0000000800000000)
  region size 4096K, 42 young (172032K), 1 survivors (4096K)
 Metaspace       used 56031K, committed 56384K, reserved 1105920K
  class space    used 6406K, committed 6592K, reserved 1048576K
}
Event: 258.285 GC heap after
{Heap after GC invocations=67 (full 0):
 garbage-first heap   total 290816K, used 23450K [0x0000000600c00000, 0x0000000800000000)
  region size 4096K, 1 young (4096K), 1 survivors (4096K)
 Metaspace       used 56031K, committed 56384K, reserved 1105920K
  class space    used 6406K, committed 6592K, reserved 1048576K
}
Event: 261.772 GC heap before
{Heap before GC invocations=67 (full 0):
 garbage-first heap   total 290816K, used 191386K [0x0000000600c00000, 0x0000000800000000)
  region size 4096K, 42 young (172032K), 1 survivors (4096K)
 Metaspace       used 56034K, committed 56384K, reserved 1105920K
  class space    used 6406K, committed 6592K, reserved 1048576K
}
Event: 261.772 GC heap after
{Heap after GC invocations=68 (full 0):
 garbage-first heap   total 290816K, used 23377K [0x0000000600c00000, 0x0000000800000000)
  region size 4096K, 1 young (4096K), 1 survivors (4096K)
 Metaspace       used 56034K, committed 56384K, reserved 1105920K
  class space    used 6406K, committed 6592K, reserved 1048576K
}
Event: 265.643 GC heap before
{Heap before GC invocations=68 (full 0):
 garbage-first heap   total 290816K, used 191313K [0x0000000600c00000, 0x0000000800000000)
  region size 4096K, 42 young (172032K), 1 survivors (4096K)
 Metaspace       used 56035K, committed 56384K, reserved 1105920K
  class space    used 6406K, committed 6592K, reserved 1048576K
}
Event: 265.643 GC heap after
{Heap after GC invocations=69 (full 0):
 garbage-first heap   total 290816K, used 23397K [0x0000000600c00000, 0x0000000800000000)
  region size 4096K, 1 young (4096K), 1 survivors (4096K)
 Metaspace       used 56035K, committed 56384K, reserved 1105920K
  class space    used 6406K, committed 6592K, reserved 1048576K
}
Event: 269.336 GC heap before
{Heap before GC invocations=69 (full 0):
 garbage-first heap   total 290816K, used 191333K [0x0000000600c00000, 0x0000000800000000)
  region size 4096K, 42 young (172032K), 1 survivors (4096K)
 Metaspace       used 56035K, committed 56384K, reserved 1105920K
  class space    used 6406K, committed 6592K, reserved 1048576K
}
Event: 269.337 GC heap after
{Heap after GC invocations=70 (full 0):
 garbage-first heap   total 290816K, used 23438K [0x0000000600c00000, 0x0000000800000000)
  region size 4096K, 1 young (4096K), 1 survivors (4096K)
 Metaspace       used 56035K, committed 56384K, reserved 1105920K
  class space    used 6406K, committed 6592K, reserved 1048576K
}
Event: 272.315 GC heap before
{Heap before GC invocations=70 (full 0):
 garbage-first heap   total 290816K, used 191374K [0x0000000600c00000, 0x0000000800000000)
  region size 4096K, 42 young (172032K), 1 survivors (4096K)
 Metaspace       used 56035K, committed 56384K, reserved 1105920K
  class space    used 6406K, committed 6592K, reserved 1048576K
}
Event: 272.316 GC heap after
{Heap after GC invocations=71 (full 0):
 garbage-first heap   total 290816K, used 23469K [0x0000000600c00000, 0x0000000800000000)
  region size 4096K, 1 young (4096K), 1 survivors (4096K)
 Metaspace       used 56035K, committed 56384K, reserved 1105920K
  class space    used 6406K, committed 6592K, reserved 1048576K
}

